<?xml version="1.0" encoding="UTF-8"?>
<!-- Generated by org.testng.reporters.JUnitXMLReporter -->
<testsuite ignored="0" hostname="DESKTOP-CA0GF0H" failures="0" tests="4" name="Default test" time="10.433" errors="0" timestamp="2025-06-27T23:36:22 IST">
  <testcase classname="APITests.Basics" name="addPlace" time="4.527"/>
  <testcase classname="APITests.Basics" name="updatePlace" time="2.221"/>
  <testcase classname="APITests.Basics" name="getPlace" time="1.506"/>
  <testcase classname="APITests.Basics" name="deletePlace" time="2.071"/>
</testsuite> <!-- Default test -->
