<?xml version="1.0" encoding="UTF-8"?>
<testng-results ignored="0" total="4" passed="4" failed="0" skipped="0">
  <reporter-output>
  </reporter-output>
  <suite started-at="2025-06-27T23:36:12 IST" name="Default suite" finished-at="2025-06-27T23:36:22 IST" duration-ms="10433">
    <groups>
    </groups>
    <test started-at="2025-06-27T23:36:12 IST" name="Default test" finished-at="2025-06-27T23:36:22 IST" duration-ms="10433">
      <class name="APITests.Basics">
        <test-method signature="addPlace()[pri:0, instance:APITests.Basics@6e950bcf]" started-at="2025-06-27T23:36:12 IST" name="addPlace" finished-at="2025-06-27T23:36:16 IST" duration-ms="4527" status="PASS">
          <reporter-output>
          </reporter-output>
        </test-method> <!-- addPlace -->
        <test-method signature="updatePlace()[pri:0, instance:APITests.Basics@6e950bcf]" started-at="2025-06-27T23:36:16 IST" name="updatePlace" finished-at="2025-06-27T23:36:19 IST" depends-on-methods="APITests.Basics.addPlace" duration-ms="2221" status="PASS">
          <reporter-output>
          </reporter-output>
        </test-method> <!-- updatePlace -->
        <test-method signature="getPlace()[pri:0, instance:APITests.Basics@6e950bcf]" started-at="2025-06-27T23:36:19 IST" name="getPlace" finished-at="2025-06-27T23:36:20 IST" depends-on-methods="APITests.Basics.updatePlace" duration-ms="1506" status="PASS">
          <reporter-output>
          </reporter-output>
        </test-method> <!-- getPlace -->
        <test-method signature="deletePlace()[pri:0, instance:APITests.Basics@6e950bcf]" started-at="2025-06-27T23:36:20 IST" name="deletePlace" finished-at="2025-06-27T23:36:22 IST" depends-on-methods="APITests.Basics.getPlace" duration-ms="2071" status="PASS">
          <reporter-output>
          </reporter-output>
        </test-method> <!-- deletePlace -->
      </class> <!-- APITests.Basics -->
    </test> <!-- Default test -->
  </suite> <!-- Default suite -->
</testng-results>
