<?xml version="1.0" encoding="UTF-8"?>
<testng-results ignored="0" total="1" passed="1" failed="0" skipped="0">
  <reporter-output>
  </reporter-output>
  <suite started-at="2025-07-02T22:16:24 IST" name="Default suite" finished-at="2025-07-02T22:16:31 IST" duration-ms="6558">
    <groups>
    </groups>
    <test started-at="2025-07-02T22:16:24 IST" name="Default test" finished-at="2025-07-02T22:16:31 IST" duration-ms="6558">
      <class name="APITests.AddPlaceTestWithPojo">
        <test-method signature="addPlace()[pri:0, instance:APITests.AddPlaceTestWithPojo@18a136ac]" started-at="2025-07-02T22:16:24 IST" name="addPlace" finished-at="2025-07-02T22:16:31 IST" duration-ms="6461" status="PASS">
          <reporter-output>
          </reporter-output>
        </test-method> <!-- addPlace -->
      </class> <!-- APITests.AddPlaceTestWithPojo -->
    </test> <!-- Default test -->
  </suite> <!-- Default suite -->
</testng-results>
